<?xml version="1.0" encoding="UTF-8" ?>
<testsuite tests="15" failures="0" name="fi.tuni.prog3.sisu.StudentTest" time="0.245" errors="0" skipped="0">
  <properties>
[...]
</properties>
  <testcase classname="fi.tuni.prog3.sisu.StudentTest" name="fi.tuni.prog3.sisu.StudentTest.testGetName" time="0.006"/>
  <testcase classname="fi.tuni.prog3.sisu.StudentTest" name="fi.tuni.prog3.sisu.StudentTest.testGetStudentNumber" time="0"/>
  <testcase classname="fi.tuni.prog3.sisu.StudentTest" name="fi.tuni.prog3.sisu.StudentTest.testGetStartYear" time="0"/>
  <testcase classname="fi.tuni.prog3.sisu.StudentTest" name="fi.tuni.prog3.sisu.StudentTest.testGetGraduationYear" time="0.001"/>
  <testcase classname="fi.tuni.prog3.sisu.StudentTest" name="fi.tuni.prog3.sisu.StudentTest.testGetDegreeProgramme" time="0"/>
  <testcase classname="fi.tuni.prog3.sisu.StudentTest" name="fi.tuni.prog3.sisu.StudentTest.testGetAttainments" time="0.003"/>
  <testcase classname="fi.tuni.prog3.sisu.StudentTest" name="fi.tuni.prog3.sisu.StudentTest.testGetCredits" time="0.001"/>
  <testcase classname="fi.tuni.prog3.sisu.StudentTest" name="fi.tuni.prog3.sisu.StudentTest.testGetAverage" time="0.05"/>
  <testcase classname="fi.tuni.prog3.sisu.StudentTest" name="fi.tuni.prog3.sisu.StudentTest.testSetName" time="0"/>
  <testcase classname="fi.tuni.prog3.sisu.StudentTest" name="fi.tuni.prog3.sisu.StudentTest.testSetStudentNumber" time="0.001"/>
  <testcase classname="fi.tuni.prog3.sisu.StudentTest" name="fi.tuni.prog3.sisu.StudentTest.testSetStartYear" time="0"/>
  <testcase classname="fi.tuni.prog3.sisu.StudentTest" name="fi.tuni.prog3.sisu.StudentTest.testSetGraduationYear" time="0.001"/>
  <testcase classname="fi.tuni.prog3.sisu.StudentTest" name="fi.tuni.prog3.sisu.StudentTest.testSetProgramme" time="0"/>
  <testcase classname="fi.tuni.prog3.sisu.StudentTest" name="fi.tuni.prog3.sisu.StudentTest.testAddAttainment" time="0.001"/>
  <testcase classname="fi.tuni.prog3.sisu.StudentTest" name="fi.tuni.prog3.sisu.StudentTest.testStudentInfo" time="0.181"/>
</testsuite>